Using pre-set license
Built from '2022.3/staging' branch; Version is '2022.3.23f1 (dbb3f7c5b5c6) revision 14398455'; Using compiler version '192829333'; Build Type 'Release'
OS: 'Windows 11  (10.0.22631) 64bit Core' Language: 'ko' Physical Memory: 32606 MB
BatchMode: 1, IsHumanControllingUs: 0, StartBugReporterOnCrash: 0, Is64bit: 1, IsPro: 1

COMMAND LINE ARGUMENTS:
C:\Program Files\Unity\Hub\Editor\2022.3.23f1\Editor\Unity.exe
-adb2
-batchMode
-noUpm
-name
AssetImportWorker1
-projectPath
C:/Users/grade/Desktop/박진혁/캡스톤/4_1 캡스톤2/Uncanny/Uncanny_Mouth_FinalRender
-logFile
Logs/AssetImportWorker1.log
-srvPort
57235
Successfully changed project path to: C:/Users/grade/Desktop/박진혁/캡스톤/4_1 캡스톤2/Uncanny/Uncanny_Mouth_FinalRender
C:/Users/grade/Desktop/박진혁/캡스톤/4_1 캡스톤2/Uncanny/Uncanny_Mouth_FinalRender
[UnityMemory] Configuration Parameters - Can be set up in boot.config
    "memorysetup-bucket-allocator-granularity=16"
    "memorysetup-bucket-allocator-bucket-count=8"
    "memorysetup-bucket-allocator-block-size=33554432"
    "memorysetup-bucket-allocator-block-count=8"
    "memorysetup-main-allocator-block-size=16777216"
    "memorysetup-thread-allocator-block-size=16777216"
    "memorysetup-gfx-main-allocator-block-size=16777216"
    "memorysetup-gfx-thread-allocator-block-size=16777216"
    "memorysetup-cache-allocator-block-size=4194304"
    "memorysetup-typetree-allocator-block-size=2097152"
    "memorysetup-profiler-bucket-allocator-granularity=16"
    "memorysetup-profiler-bucket-allocator-bucket-count=8"
    "memorysetup-profiler-bucket-allocator-block-size=33554432"
    "memorysetup-profiler-bucket-allocator-block-count=8"
    "memorysetup-profiler-allocator-block-size=16777216"
    "memorysetup-profiler-editor-allocator-block-size=1048576"
    "memorysetup-temp-allocator-size-main=16777216"
    "memorysetup-job-temp-allocator-block-size=2097152"
    "memorysetup-job-temp-allocator-block-size-background=1048576"
    "memorysetup-job-temp-allocator-reduction-small-platforms=262144"
    "memorysetup-allocator-temp-initial-block-size-main=262144"
    "memorysetup-allocator-temp-initial-block-size-worker=262144"
    "memorysetup-temp-allocator-size-background-worker=32768"
    "memorysetup-temp-allocator-size-job-worker=262144"
    "memorysetup-temp-allocator-size-preload-manager=33554432"
    "memorysetup-temp-allocator-size-nav-mesh-worker=65536"
    "memorysetup-temp-allocator-size-audio-worker=65536"
    "memorysetup-temp-allocator-size-cloud-worker=32768"
    "memorysetup-temp-allocator-size-gi-baking-worker=262144"
    "memorysetup-temp-allocator-size-gfx=262144"
Player connection [18700] Host "[IP] 192.168.75.236 [Port] 0 [Flags] 2 [Guid] 4262918247 [EditorId] 4262918247 [Version] 1048832 [Id] WindowsEditor(7,DESKTOP-FUL9HV3) [Debug] 1 [PackageName] WindowsEditor [ProjectName] Editor" joined multi-casting on [225.0.0.222:54997]...

Player connection [18700] Host "[IP] 192.168.75.236 [Port] 0 [Flags] 2 [Guid] 4262918247 [EditorId] 4262918247 [Version] 1048832 [Id] WindowsEditor(7,DESKTOP-FUL9HV3) [Debug] 1 [PackageName] WindowsEditor [ProjectName] Editor" joined alternative multi-casting on [225.0.0.222:34997]...

[Physics::Module] Initialized MultithreadedJobDispatcher with 19 workers.
Refreshing native plugins compatible for Editor in 15.54 ms, found 3 plugins.
Preloading 0 native plugins for Editor in 0.00 ms.
Initialize engine version: 2022.3.23f1 (dbb3f7c5b5c6)
[Subsystems] Discovering subsystems at path C:/Program Files/Unity/Hub/Editor/2022.3.23f1/Editor/Data/Resources/UnitySubsystems
[Subsystems] Discovering subsystems at path C:/Users/grade/Desktop/박진혁/캡스톤/4_1 캡스톤2/Uncanny/Uncanny_Mouth_FinalRender/Assets
GfxDevice: creating device client; threaded=0; jobified=0
Direct3D:
    Version:  Direct3D 11.0 [level 11.1]
    Renderer: NVIDIA GeForce RTX 3060 (ID=0x2504)
    Vendor:   NVIDIA
    VRAM:     12143 MB
    Driver:   30.0.14.7212
Initialize mono
Mono path[0] = 'C:/Program Files/Unity/Hub/Editor/2022.3.23f1/Editor/Data/Managed'
Mono path[1] = 'C:/Program Files/Unity/Hub/Editor/2022.3.23f1/Editor/Data/MonoBleedingEdge/lib/mono/unityjit-win32'
Mono config path = 'C:/Program Files/Unity/Hub/Editor/2022.3.23f1/Editor/Data/MonoBleedingEdge/etc'
Using monoOptions --debugger-agent=transport=dt_socket,embedding=1,server=y,suspend=n,address=127.0.0.1:56156
Begin MonoManager ReloadAssembly
Registering precompiled unity dll's ...
Register platform support module: C:/Program Files/Unity/Hub/Editor/2022.3.23f1/Editor/Data/PlaybackEngines/WindowsStandaloneSupport/UnityEditor.WindowsStandalone.Extensions.dll
Registered in 0.006801 seconds.
- Loaded All Assemblies, in  0.252 seconds
Native extension for WindowsStandalone target not found
Mono: successfully reloaded assembly
- Finished resetting the current domain, in  0.193 seconds
Domain Reload Profiling: 443ms
	BeginReloadAssembly (90ms)
		ExecutionOrderSort (0ms)
		DisableScriptedObjects (0ms)
		BackupInstance (0ms)
		ReleaseScriptingObjects (0ms)
		CreateAndSetChildDomain (0ms)
	RebuildCommonClasses (21ms)
	RebuildNativeTypeToScriptingClass (7ms)
	initialDomainReloadingComplete (45ms)
	LoadAllAssembliesAndSetupDomain (87ms)
		LoadAssemblies (88ms)
		RebuildTransferFunctionScriptingTraits (0ms)
		AnalyzeDomain (86ms)
			TypeCache.Refresh (85ms)
				TypeCache.ScanAssembly (75ms)
			ScanForSourceGeneratedMonoScriptInfo (0ms)
			ResolveRequiredComponents (0ms)
	FinalizeReload (193ms)
		ReleaseScriptCaches (0ms)
		RebuildScriptCaches (0ms)
		SetupLoadedEditorAssemblies (155ms)
			LogAssemblyErrors (0ms)
			InitializePlatformSupportModulesInManaged (6ms)
			SetLoadedEditorAssemblies (5ms)
			RefreshPlugins (0ms)
			BeforeProcessingInitializeOnLoad (1ms)
			ProcessInitializeOnLoadAttributes (104ms)
			ProcessInitializeOnLoadMethodAttributes (39ms)
			AfterProcessingInitializeOnLoad (0ms)
			EditorAssembliesLoaded (0ms)
		ExecutionOrderSort2 (0ms)
		AwakeInstancesAfterBackupRestoration (0ms)
========================================================================
Worker process is ready to serve import requests
Begin MonoManager ReloadAssembly
Symbol file LoadedFromMemory is not a mono symbol file
- Loaded All Assemblies, in  0.641 seconds
Refreshing native plugins compatible for Editor in 6.04 ms, found 3 plugins.
Native extension for WindowsStandalone target not found
Package Manager log level set to [2]
[Package Manager] Server::EnsureServerProcessIsRunning -- launch failed, reason: Unity was launched with the -noUpm command-line argument
[Package Manager] UpmClient::Send -- Unable to send message (not connected to UPM process).
[Package Manager] Cannot connect to Unity Package Manager local server
Mono: successfully reloaded assembly
- Finished resetting the current domain, in  0.678 seconds
Domain Reload Profiling: 1315ms
	BeginReloadAssembly (125ms)
		ExecutionOrderSort (0ms)
		DisableScriptedObjects (3ms)
		BackupInstance (0ms)
		ReleaseScriptingObjects (0ms)
		CreateAndSetChildDomain (19ms)
	RebuildCommonClasses (26ms)
	RebuildNativeTypeToScriptingClass (7ms)
	initialDomainReloadingComplete (35ms)
	LoadAllAssembliesAndSetupDomain (443ms)
		LoadAssemblies (317ms)
		RebuildTransferFunctionScriptingTraits (0ms)
		AnalyzeDomain (203ms)
			TypeCache.Refresh (174ms)
				TypeCache.ScanAssembly (158ms)
			ScanForSourceGeneratedMonoScriptInfo (20ms)
			ResolveRequiredComponents (7ms)
	FinalizeReload (679ms)
		ReleaseScriptCaches (0ms)
		RebuildScriptCaches (0ms)
		SetupLoadedEditorAssemblies (541ms)
			LogAssemblyErrors (0ms)
			InitializePlatformSupportModulesInManaged (5ms)
			SetLoadedEditorAssemblies (3ms)
			RefreshPlugins (0ms)
			BeforeProcessingInitializeOnLoad (62ms)
			ProcessInitializeOnLoadAttributes (305ms)
			ProcessInitializeOnLoadMethodAttributes (159ms)
			AfterProcessingInitializeOnLoad (7ms)
			EditorAssembliesLoaded (0ms)
		ExecutionOrderSort2 (0ms)
		AwakeInstancesAfterBackupRestoration (11ms)
Launched and connected shader compiler UnityShaderCompiler.exe after 0.05 seconds
Refreshing native plugins compatible for Editor in 10.93 ms, found 3 plugins.
Preloading 0 native plugins for Editor in 0.00 ms.
Unloading 6501 Unused Serialized files (Serialized files now loaded: 0)
Unloading 117 unused Assets / (5.3 MB). Loaded Objects now: 6950.
Memory consumption went from 310.6 MB to 305.3 MB.
Total: 6.102000 ms (FindLiveObjects: 0.599100 ms CreateObjectMapping: 0.249900 ms MarkObjects: 3.717700 ms  DeleteObjects: 1.533600 ms)

AssetImportParameters requested are different than current active one (requested -> active):
  custom:container-demuxer-ogg: 62fdf1f143b41e24485cea50d1cbac27 -> 
  custom:video-codec-MediaFoundation-h265: 746d11721c4dcdbdad8f713fa42b33f4 -> 
  custom:video-decoder-ogg-theora: a1e56fd34408186e4bbccfd4996cb3dc -> 
  custom:framework-win-MediaFoundation: 216162199b28c13a410421893ffa2e32 -> 
  custom:CustomObjectIndexerAttribute: 9a22284fe3817be447336de3de66b15e -> 
  custom:container-demuxer-webm: 4f35f7cbe854078d1ac9338744f61a02 -> 
  custom:container-muxer-webm: aa71ff27fc2769a1b78a27578f13a17b -> 
  custom:video-decoder-webm-vp8: 9c59270c3fd7afecdb556c50c9e8de78 -> 
  custom:SearchIndexIgnoredProperties: e643bd26f0fe6173181afceb89e7c659 -> 
  custom:AudioImporter_EditorPlatform: d09bf68614088b80899f8185d706f6e7 -> 
  custom:video-encoder-webm-vp8: eb34c28f22e8b96e1ab97ce403110664 -> 
  custom:audio-decoder-ogg-vorbis: bf7c407c2cedff20999df2af8eb42d56 -> 
  custom:audio-encoder-webm-vorbis: bf7c407c2cedff20999df2af8eb42d56 -> 
========================================================================
Received Import Request.
  Time since last request: 89041.759367 seconds.
  path: Assets/Readme.asset
  artifactKey: Guid(7f2c382dc2c22446db59030979f6e495) Importer(815301076,1909f56bfc062723c751e8b465ee728b)
Start importing Assets/Readme.asset using Guid(7f2c382dc2c22446db59030979f6e495) Importer(815301076,1909f56bfc062723c751e8b465ee728b)  -> (artifact id: '4b23efacc73f9aca88070b9c88ecbbf8') in 0.035487 seconds
Number of updated asset objects reloaded before import = 0
Number of asset objects unloaded after import = 2
========================================================================
Received Import Request.
  Time since last request: 25.229138 seconds.
  path: Assets/Black_Scene/Plane290 Profile.asset
  artifactKey: Guid(21d7ca52a71e39e4db8cf8aaf11047b6) Importer(815301076,1909f56bfc062723c751e8b465ee728b)
Start importing Assets/Black_Scene/Plane290 Profile.asset using Guid(21d7ca52a71e39e4db8cf8aaf11047b6) Importer(815301076,1909f56bfc062723c751e8b465ee728b)  -> (artifact id: 'b17c959254661d39585f4608d41b3b99') in 0.001959 seconds
Number of updated asset objects reloaded before import = 0
Number of asset objects unloaded after import = 1
========================================================================
Received Import Request.
  Time since last request: 0.000018 seconds.
  path: Assets/Black_Scene/Plane290 Profile 2.asset
  artifactKey: Guid(c4300182392c27b4397e497a9be9ac2b) Importer(815301076,1909f56bfc062723c751e8b465ee728b)
Start importing Assets/Black_Scene/Plane290 Profile 2.asset using Guid(c4300182392c27b4397e497a9be9ac2b) Importer(815301076,1909f56bfc062723c751e8b465ee728b)  -> (artifact id: '10701372878d879ff951bcd5f9c4888d') in 0.001028 seconds
Number of updated asset objects reloaded before import = 0
Number of asset objects unloaded after import = 1
========================================================================
Received Import Request.
  Time since last request: 0.000013 seconds.
  path: Assets/Black_Scene/SkyandFogSettingsProfile.asset
  artifactKey: Guid(90792d4134b66da48a2300c9330ff1f5) Importer(815301076,1909f56bfc062723c751e8b465ee728b)
Start importing Assets/Black_Scene/SkyandFogSettingsProfile.asset using Guid(90792d4134b66da48a2300c9330ff1f5) Importer(815301076,1909f56bfc062723c751e8b465ee728b)  -> (artifact id: 'b5aa5001ac078de286c06c89f90b7ada') in 0.004369 seconds
Number of updated asset objects reloaded before import = 0
Number of asset objects unloaded after import = 7
========================================================================
Received Import Request.
  Time since last request: 0.000011 seconds.
  path: Assets/Black_Scene/Sky and Fog Global Volume Profile.asset
  artifactKey: Guid(da4b93c2b356e8a42ab819ffe34ffb0d) Importer(815301076,1909f56bfc062723c751e8b465ee728b)
Start importing Assets/Black_Scene/Sky and Fog Global Volume Profile.asset using Guid(da4b93c2b356e8a42ab819ffe34ffb0d) Importer(815301076,1909f56bfc062723c751e8b465ee728b)  -> (artifact id: '2b166acc730e787c0b8cd60e30a32caf') in 0.001027 seconds
Number of updated asset objects reloaded before import = 0
Number of asset objects unloaded after import = 1
========================================================================
Received Import Request.
  Time since last request: 0.000013 seconds.
  path: Assets/Black_Scene/Sky and Fog Settings 1.asset
  artifactKey: Guid(f502ec5d8d430e640b4dc5f7dfbbb1f8) Importer(815301076,1909f56bfc062723c751e8b465ee728b)
Start importing Assets/Black_Scene/Sky and Fog Settings 1.asset using Guid(f502ec5d8d430e640b4dc5f7dfbbb1f8) Importer(815301076,1909f56bfc062723c751e8b465ee728b)  -> (artifact id: '6aeca84c8cbf79ce3d73284cd6a4470f') in 0.013338 seconds
Number of updated asset objects reloaded before import = 0
Number of asset objects unloaded after import = 6
========================================================================
Received Import Request.
  Time since last request: 0.000015 seconds.
  path: Assets/Black_Scene/Sky and Fog Settings.asset
  artifactKey: Guid(9172339df8b967b499c88c69d5aa4eff) Importer(815301076,1909f56bfc062723c751e8b465ee728b)
Start importing Assets/Black_Scene/Sky and Fog Settings.asset using Guid(9172339df8b967b499c88c69d5aa4eff) Importer(815301076,1909f56bfc062723c751e8b465ee728b)  -> (artifact id: 'b5d95c14926cd0cbab0cf99eab8be714') in 0.001283 seconds
Number of updated asset objects reloaded before import = 0
Number of asset objects unloaded after import = 4
========================================================================
Received Import Request.
  Time since last request: 0.000013 seconds.
  path: Assets/Black_Scene/Sky and Fog Global Volume Profile 1.asset
  artifactKey: Guid(49767f78ad9804c4b8740928746e1802) Importer(815301076,1909f56bfc062723c751e8b465ee728b)
Start importing Assets/Black_Scene/Sky and Fog Global Volume Profile 1.asset using Guid(49767f78ad9804c4b8740928746e1802) Importer(815301076,1909f56bfc062723c751e8b465ee728b)  -> (artifact id: 'bd4e623424280df17e5af83a2895b74f') in 0.001451 seconds
Number of updated asset objects reloaded before import = 0
Number of asset objects unloaded after import = 1
========================================================================
Received Import Request.
  Time since last request: 2.496276 seconds.
  path: Assets/default_hdrp/SkyandFogSettingsProfile.asset
  artifactKey: Guid(66a5651fd8146ba46b9cff41898a946f) Importer(815301076,1909f56bfc062723c751e8b465ee728b)
Start importing Assets/default_hdrp/SkyandFogSettingsProfile.asset using Guid(66a5651fd8146ba46b9cff41898a946f) Importer(815301076,1909f56bfc062723c751e8b465ee728b)  -> (artifact id: '02b78807b8bc9c7e8873bc8b687320c4') in 0.001341 seconds
Number of updated asset objects reloaded before import = 0
Number of asset objects unloaded after import = 5
========================================================================
Received Import Request.
  Time since last request: 0.260991 seconds.
  path: Assets/image/skin_gold.png
  artifactKey: Guid(9d052cb4509386d4a81b9069e3497916) Importer(815301076,1909f56bfc062723c751e8b465ee728b)
Start importing Assets/image/skin_gold.png using Guid(9d052cb4509386d4a81b9069e3497916) Importer(815301076,1909f56bfc062723c751e8b465ee728b)  -> (artifact id: 'cd27b641be62208773fbcf9f546f3a28') in 0.029813 seconds
Number of updated asset objects reloaded before import = 0
Number of asset objects unloaded after import = 2
========================================================================
Received Import Request.
  Time since last request: 0.308678 seconds.
  path: Assets/Materials/default_Face.mat
  artifactKey: Guid(8463329f12af5194f910d34a0b57e048) Importer(815301076,1909f56bfc062723c751e8b465ee728b)
Start importing Assets/Materials/default_Face.mat using Guid(8463329f12af5194f910d34a0b57e048) Importer(815301076,1909f56bfc062723c751e8b465ee728b) Launched and connected shader compiler UnityShaderCompiler.exe after 0.23 seconds
 -> (artifact id: '490a2088ef6303ab6aed7e21ad55087c') in 14.211521 seconds
Number of updated asset objects reloaded before import = 0
Number of asset objects unloaded after import = 8
